This is pdfTeX, Version 3.14159265-2.6-1.40.19 (TeX Live 2018) (preloaded format=pdflatex 2018.4.16)  23 AUG 2018 23:09
entering extended mode
 restricted \write18 enabled.
 %&-line parsing enabled.
**jto
(./jto.tex
LaTeX2e <2018-04-01> patch level 2
Babel <3.18> and hyphenation patterns for 84 language(s) loaded.
(/usr/local/texlive/2018/texmf-dist/tex/latex/base/article.cls
Document Class: article 2014/09/29 v1.4h Standard LaTeX document class
(/usr/local/texlive/2018/texmf-dist/tex/latex/base/size12.clo
File: size12.clo 2014/09/29 v1.4h Standard LaTeX file (size option)
)
\c@part=\count80
\c@section=\count81
\c@subsection=\count82
\c@subsubsection=\count83
\c@paragraph=\count84
\c@subparagraph=\count85
\c@figure=\count86
\c@table=\count87
\abovecaptionskip=\skip41
\belowcaptionskip=\skip42
\bibindent=\dimen102
) (./jto.aux)
\openout1 = `jto.aux'.

LaTeX Font Info:    Checking defaults for OML/cmm/m/it on input line 7.
LaTeX Font Info:    ... okay on input line 7.
LaTeX Font Info:    Checking defaults for T1/cmr/m/n on input line 7.
LaTeX Font Info:    ... okay on input line 7.
LaTeX Font Info:    Checking defaults for OT1/cmr/m/n on input line 7.
LaTeX Font Info:    ... okay on input line 7.
LaTeX Font Info:    Checking defaults for OMS/cmsy/m/n on input line 7.
LaTeX Font Info:    ... okay on input line 7.
LaTeX Font Info:    Checking defaults for OMX/cmex/m/n on input line 7.
LaTeX Font Info:    ... okay on input line 7.
LaTeX Font Info:    Checking defaults for U/cmr/m/n on input line 7.
LaTeX Font Info:    ... okay on input line 7.
LaTeX Font Info:    External font `cmex10' loaded for size
(Font)              <14.4> on input line 9.
LaTeX Font Info:    External font `cmex10' loaded for size
(Font)              <7> on input line 9.

(./jto.bbl [1

{/usr/local/texlive/2018/texmf-var/fonts/map/pdftex/updmap/pdftex.map}] [2] [3]
 [4]
Underfull \hbox (badness 1478) in paragraph at lines 215--218
[]\OT1/cmr/m/n/12 Ashwinkumar Gane-san, Tim Oates, and Matt Schmill.  Find-
 []

[5] [6] [7] [8] [9] [10] [11] [12] [13] [14] [15] [16]
LaTeX Font Info:    External font `cmex10' loaded for size
(Font)              <12> on input line 845.
LaTeX Font Info:    External font `cmex10' loaded for size
(Font)              <8> on input line 845.
LaTeX Font Info:    External font `cmex10' loaded for size
(Font)              <6> on input line 845.

Underfull \hbox (badness 1038) in paragraph at lines 842--847
[]\OT1/cmr/m/n/12 Michael L. An-der-son, Tim Oates, Waiyian Chong, and Don-ald
 []

[17] [18] [19] [20] [21] [22] [23] [24] [25] [26]
Underfull \hbox (badness 1354) in paragraph at lines 1321--1326
[]\OT1/cmr/m/n/12 Carlotta Domeni-coni, Francesco Gullo, Francesco Bonchi, Jose
p
 []

[27] [28] [29]
Underfull \hbox (badness 2103) in paragraph at lines 1495--1497
[]\OT1/cmr/m/it/12 Proceedings of the Fifth Text Anal-y-sis Con-fer-ence, TAC 2
012,
 []

[30] [31]
Underfull \hbox (badness 1721) in paragraph at lines 1607--1611
[]\OT1/cmr/m/n/12 Dieter Fox and Carla P. Gomes, ed-i-tors.  \OT1/cmr/m/it/12 P
ro-ceed-ings of the
 []

[32] [33]
Underfull \hbox (badness 1796) in paragraph at lines 1676--1682
[]\OT1/cmr/m/n/12 Yasubumi Sakak-ibara, Satoshi Kobayashi, Kengo Sato, Tet-suro

 []

[34] [35] [36] [37] [38]) [39] (./jto.aux) ) 
Here is how much of TeX's memory you used:
 511 strings out of 492649
 9574 string characters out of 6129622
 64367 words of memory out of 5000000
 4466 multiletter control sequences out of 15000+600000
 8541 words of font info for 30 fonts, out of 8000000 for 9000
 1141 hyphenation exceptions out of 8191
 22i,6n,19p,141b,205s stack positions out of 5000i,500n,10000p,200000b,80000s
</usr/local/texlive/2018/texmf-dist
/fonts/type1/public/amsfonts/cm/cmbx12.pfb></usr/local/texlive/2018/texmf-dist/
fonts/type1/public/amsfonts/cm/cmr12.pfb></usr/local/texlive/2018/texmf-dist/fo
nts/type1/public/amsfonts/cm/cmr17.pfb></usr/local/texlive/2018/texmf-dist/font
s/type1/public/amsfonts/cm/cmsy10.pfb></usr/local/texlive/2018/texmf-dist/fonts
/type1/public/amsfonts/cm/cmti12.pfb>
Output written on jto.pdf (39 pages, 155097 bytes).
PDF statistics:
 152 PDF objects out of 1000 (max. 8388607)
 104 compressed objects within 2 object streams
 0 named destinations out of 1000 (max. 500000)
 1 words of extra memory for PDF output out of 10000 (max. 10000000)

